1	19:05:07	Realtime started	
1	19:13:28	Calibration started	
1	19:13:37	Calibration finished after 8.6852 seconds	
1	19:13:37	File created	
1	19:13:37	File saved as D:\Project\QuestAccuracy\QuestTrackingAccuracy\QuestPerformance\Calibrations\20210622_191257_FAILED.qca	
1	19:14:03	File closed	
1	19:14:06	Realtime started	
1	19:18:29	Disconnected	
1	19:45:34	Realtime started	
1	19:48:11	Calibration started	
1	19:48:16	Calibration finished after 5.8752 seconds	
1	19:48:17	File created	
1	19:48:17	File saved as D:\Project\QuestAccuracy\QuestTrackingAccuracy\QuestPerformance\Calibrations\20210622_194738.qca	
1	19:48:38	File closed	
1	19:48:42	Realtime started	
1	19:57:25	Disconnected	
1	19:57:27	Realtime started	
1	20:01:02	Calibration started	
1	20:01:08	Calibration finished after 5.9233 seconds	
1	20:01:09	File created	
1	20:01:09	File saved as D:\Project\QuestAccuracy\QuestTrackingAccuracy\QuestPerformance\Calibrations\20210622_200030.qca	
1	20:01:26	File closed	
1	20:01:29	Realtime started	
1	20:06:44	Calibration started	
1	20:06:48	Calibration finished after 4.3638 seconds	
1	20:06:49	File created	
1	20:06:49	File saved as D:\Project\QuestAccuracy\QuestTrackingAccuracy\QuestPerformance\Calibrations\20210622_200612.qca	
1	20:07:00	File closed	
1	20:07:02	Realtime started	
1	20:18:47	Disconnected	
1	20:18:50	Realtime started	
1	20:25:59	Disconnected	
1	20:30:51	Realtime started	
1	21:27:13	Disconnected	
